<?xml version="1.0" encoding="UTF-8"?>
<!-- Generated by org.testng.reporters.JUnitReportReporter -->
<testsuite skipped="0" hostname="DESKTOP-4548TM1" name="testscripts.Rediff_login" tests="1" failures="0" timestamp="31 Mar 2018 04:30:33 GMT" time="20.700" errors="0">
  <testcase name="login" time="20.700" classname="testscripts.Rediff_login"/>
</testsuite> <!-- testscripts.Rediff_login -->
