<?xml version="1.0" encoding="UTF-8"?>
<!-- Generated by org.testng.reporters.JUnitReportReporter -->
<testsuite skipped="0" hostname="DESKTOP-4548TM1" name="testscripts.Rediff_login" tests="1" failures="0" timestamp="25 Mar 2018 06:05:27 GMT" time="9.378" errors="0">
  <testcase name="login" time="9.378" classname="testscripts.Rediff_login"/>
</testsuite> <!-- testscripts.Rediff_login -->
